[debug] [2025-05-20T03:35:06.611Z] ----------------------------------------------------------------------
[debug] [2025-05-20T03:35:06.613Z] Command:       C:\Program Files\nodejs\node.exe C:\Users\Noko\AppData\Roaming\npm\node_modules\firebase-tools\lib\bin\firebase.js init hosting
[debug] [2025-05-20T03:35:06.613Z] CLI Version:   14.4.0
[debug] [2025-05-20T03:35:06.614Z] Platform:      win32
[debug] [2025-05-20T03:35:06.614Z] Node Version:  v22.15.1
[debug] [2025-05-20T03:35:06.614Z] Time:          Mon May 19 2025 23:35:06 GMT-0400 (Eastern Daylight Time)
[debug] [2025-05-20T03:35:06.614Z] ----------------------------------------------------------------------
[debug] 
[debug] [2025-05-20T03:35:06.617Z] > command requires scopes: ["email","openid","https://www.googleapis.com/auth/cloudplatformprojects.readonly","https://www.googleapis.com/auth/firebase","https://www.googleapis.com/auth/cloud-platform"]
[debug] [2025-05-20T03:35:06.620Z] > authorizing via signed-in user (noahgruss@gmail.com)
[info] 
     ######## #### ########  ######## ########     ###     ######  ########
     ##        ##  ##     ## ##       ##     ##  ##   ##  ##       ##
     ######    ##  ########  ######   ########  #########  ######  ######
     ##        ##  ##    ##  ##       ##     ## ##     ##       ## ##
     ##       #### ##     ## ######## ########  ##     ##  ######  ########

You're about to initialize a Firebase project in this directory:

  C:\Users\Noko\Documents\MyProjects\my-site

[info] 
=== Project Setup
[info] 
[info] First, let's associate this project directory with a Firebase project.
[info] You can create multiple project aliases by running firebase use --add, 
[info] but for now we'll just set up a default project.
[info] 
[debug] [2025-05-20T03:35:52.336Z] Checked if tokens are valid: true, expires at: 1747715530364
[debug] [2025-05-20T03:35:52.336Z] Checked if tokens are valid: true, expires at: 1747715530364
[debug] [2025-05-20T03:35:52.338Z] >>> [apiv2][query] GET https://firebase.googleapis.com/v1beta1/projects pageSize=100
[debug] [2025-05-20T03:35:52.705Z] <<< [apiv2][status] GET https://firebase.googleapis.com/v1beta1/projects 200
[debug] [2025-05-20T03:35:52.705Z] <<< [apiv2][body] GET https://firebase.googleapis.com/v1beta1/projects [omitted]
[info] i  Using project anon-chat-14b52 (anon-chat) 
[info] 
=== Hosting Setup
[debug] [2025-05-20T03:35:54.503Z] Checked if tokens are valid: true, expires at: 1747715530364
[debug] [2025-05-20T03:35:54.504Z] Checked if tokens are valid: true, expires at: 1747715530364
[debug] [2025-05-20T03:35:54.504Z] >>> [apiv2][query] GET https://firebase.googleapis.com/v1beta1/projects/anon-chat-14b52 [none]
[debug] [2025-05-20T03:35:54.747Z] <<< [apiv2][status] GET https://firebase.googleapis.com/v1beta1/projects/anon-chat-14b52 200
[debug] [2025-05-20T03:35:54.747Z] <<< [apiv2][body] GET https://firebase.googleapis.com/v1beta1/projects/anon-chat-14b52 {"projectId":"anon-chat-14b52","projectNumber":"62108076273","displayName":"anon-chat","name":"projects/anon-chat-14b52","resources":{"hostingSite":"anon-chat-14b52","realtimeDatabaseInstance":"anon-chat-14b52-default-rtdb"},"state":"ACTIVE","etag":"1_a0591529-eaf3-4c6d-ae18-979033b70c49"}
[info] 
[info] Your public directory is the folder (relative to your project directory) that
[info] will contain Hosting assets to be uploaded with firebase deploy. If you
[info] have a build process for your assets, use your build's output directory.
[info] 
[debug] [2025-05-20T03:39:30.484Z] ExitPromptError: User force closed the prompt with SIGINT
    at Interface.sigint (C:\Users\Noko\AppData\Roaming\npm\node_modules\firebase-tools\node_modules\@inquirer\core\dist\commonjs\lib\create-prompt.js:100:37)
    at Interface.emit (node:events:518:28)
    at Interface.emit (node:domain:489:12)
    at [_ttyWrite] [as _ttyWrite] (node:internal/readline/interface:1128:18)
    at ReadStream.onkeypress (node:internal/readline/interface:267:20)
    at ReadStream.emit (node:events:530:35)
    at ReadStream.emit (node:domain:489:12)
    at emitKeys (node:internal/readline/utils:370:14)
    at emitKeys.next (<anonymous>)
    at ReadStream.onData (node:internal/readline/emitKeypressEvents:64:36)
[error] 
[error] Error: An unexpected error has occurred.
